

================================================================
== Vitis HLS Report for 'Example1'
================================================================
* Date:           Mon Nov 22 20:06:00 2021

* Version:        2020.2 (Build 3064766 on Wed Nov 18 09:12:47 MST 2020)
* Project:        example1
* Solution:       xcvu9p-flgb2104-2-i (Vivado IP Flow Target)
* Product family: virtexuplus
* Target device:  xcvu9p-flgb2104-2-i


================================================================
== Performance Estimates
================================================================
+ Timing: 
    * Summary: 
    +--------+---------+----------+------------+
    |  Clock |  Target | Estimated| Uncertainty|
    +--------+---------+----------+------------+
    |ap_clk  |  5.00 ns|  3.650 ns|     1.35 ns|
    +--------+---------+----------+------------+

+ Latency: 
    * Summary: 
    +---------+---------+----------+----------+-------+-------+---------+
    |  Latency (cycles) |  Latency (absolute) |    Interval   | Pipeline|
    |   min   |   max   |    min   |    max   |  min  |  max  |   Type  |
    +---------+---------+----------+----------+-------+-------+---------+
    |    82306|    82306|  0.412 ms|  0.412 ms|  82307|  82307|     none|
    +---------+---------+----------+----------+-------+-------+---------+

    + Detail: 
        * Instance: 
        N/A

        * Loop: 
        +---------------------------------------------------+---------+---------+----------+-----------+-----------+------+----------+
        |                                                   |  Latency (cycles) | Iteration|  Initiation Interval  | Trip |          |
        |                     Loop Name                     |   min   |   max   |  Latency |  achieved |   target  | Count| Pipelined|
        +---------------------------------------------------+---------+---------+----------+-----------+-----------+------+----------+
        |- VITIS_LOOP_25_1_VITIS_LOOP_26_2_VITIS_LOOP_27_3  |    82305|    82305|       643|          -|          -|   128|        no|
        | + VITIS_LOOP_29_4_VITIS_LOOP_30_5                 |      617|      617|        42|         24|          1|    25|       yes|
        | + VITIS_LOOP_40_8                                 |        9|        9|         3|          1|          1|     8|       yes|
        +---------------------------------------------------+---------+---------+----------+-----------+-----------+------+----------+



================================================================
== Utilization Estimates
================================================================
* Summary: 
+---------------------+---------+------+---------+---------+-----+
|         Name        | BRAM_18K|  DSP |    FF   |   LUT   | URAM|
+---------------------+---------+------+---------+---------+-----+
|DSP                  |        -|     -|        -|        -|    -|
|Expression           |        -|     -|        0|      424|    -|
|FIFO                 |        -|     -|        -|        -|    -|
|Instance             |        6|     5|     2200|     2590|    -|
|Memory               |        0|     -|       32|       33|    -|
|Multiplexer          |        -|     -|        -|      732|    -|
|Register             |        -|     -|     1682|        -|    -|
+---------------------+---------+------+---------+---------+-----+
|Total                |        6|     5|     3914|     3779|    0|
+---------------------+---------+------+---------+---------+-----+
|Available SLR        |     1440|  2280|   788160|   394080|  320|
+---------------------+---------+------+---------+---------+-----+
|Utilization SLR (%)  |       ~0|    ~0|       ~0|       ~0|    0|
+---------------------+---------+------+---------+---------+-----+
|Available            |     4320|  6840|  2364480|  1182240|  960|
+---------------------+---------+------+---------+---------+-----+
|Utilization (%)      |       ~0|    ~0|       ~0|       ~0|    0|
+---------------------+---------+------+---------+---------+-----+

+ Detail: 
    * Instance: 
    +-----------------------------------+--------------------------------+---------+----+-----+-----+-----+
    |              Instance             |             Module             | BRAM_18K| DSP|  FF | LUT | URAM|
    +-----------------------------------+--------------------------------+---------+----+-----+-----+-----+
    |control_s_axi_U                    |control_s_axi                   |        0|   0|  316|  552|    0|
    |fadd_32ns_32ns_32_5_full_dsp_1_U1  |fadd_32ns_32ns_32_5_full_dsp_1  |        0|   2|  205|  220|    0|
    |fmul_32ns_32ns_32_4_max_dsp_1_U2   |fmul_32ns_32ns_32_4_max_dsp_1   |        0|   3|  143|   78|    0|
    |gmem0_m_axi_U                      |gmem0_m_axi                     |        2|   0|  512|  580|    0|
    |gmem1_m_axi_U                      |gmem1_m_axi                     |        2|   0|  512|  580|    0|
    |gmem3_m_axi_U                      |gmem3_m_axi                     |        2|   0|  512|  580|    0|
    +-----------------------------------+--------------------------------+---------+----+-----+-----+-----+
    |Total                              |                                |        6|   5| 2200| 2590|    0|
    +-----------------------------------+--------------------------------+---------+----+-----+-----+-----+

    * DSP: 
    N/A

    * Memory: 
    +-------+-------+---------+----+----+-----+------+-----+------+-------------+
    | Memory| Module| BRAM_18K| FF | LUT| URAM| Words| Bits| Banks| W*Bits*Banks|
    +-------+-------+---------+----+----+-----+------+-----+------+-------------+
    |val_U  |val    |        0|  32|  33|    0|     8|   32|     1|          256|
    +-------+-------+---------+----+----+-----+------+-----+------+-------------+
    |Total  |       |        0|  32|  33|    0|     8|   32|     1|          256|
    +-------+-------+---------+----+----+-----+------+-----+------+-------------+

    * FIFO: 
    N/A

    * Expression: 
    +-------------------------------------+----------+----+---+----+------------+------------+
    |            Variable Name            | Operation| DSP| FF| LUT| Bitwidth P0| Bitwidth P1|
    +-------------------------------------+----------+----+---+----+------------+------------+
    |add_ln25_1_fu_621_p2                 |         +|   0|  0|  12|           4|           1|
    |add_ln25_fu_583_p2                   |         +|   0|  0|  15|           8|           1|
    |add_ln26_1_fu_1121_p2                |         +|   0|  0|  13|           6|           1|
    |add_ln26_fu_665_p2                   |         +|   0|  0|  10|           3|           1|
    |add_ln27_fu_1116_p2                  |         +|   0|  0|  10|           3|           1|
    |add_ln29_1_fu_743_p2                 |         +|   0|  0|  12|           5|           1|
    |add_ln29_2_fu_769_p2                 |         +|   0|  0|  10|           3|           1|
    |add_ln29_fu_1069_p2                  |         +|   0|  0|  71|          64|          64|
    |add_ln30_fu_968_p2                   |         +|   0|  0|  10|           3|           1|
    |add_ln40_fu_1094_p2                  |         +|   0|  0|  12|           4|           1|
    |empty_54_fu_812_p2                   |         +|   0|  0|  17|          11|          11|
    |empty_55_fu_830_p2                   |         +|   0|  0|  71|          64|          64|
    |tmp1_fu_807_p2                       |         +|   0|  0|  17|          11|          11|
    |and_ln25_fu_659_p2                   |       and|   0|  0|   2|           1|           1|
    |ap_block_pp0_stage0_11001            |       and|   0|  0|   2|           1|           1|
    |ap_block_pp0_stage10_11001           |       and|   0|  0|   2|           1|           1|
    |ap_block_pp0_stage11_11001           |       and|   0|  0|   2|           1|           1|
    |ap_block_pp0_stage1_11001            |       and|   0|  0|   2|           1|           1|
    |ap_block_pp1                         |       and|   0|  0|   2|           1|           1|
    |ap_block_pp1_stage0_11001            |       and|   0|  0|   2|           1|           1|
    |ap_block_state11_io                  |       and|   0|  0|   2|           1|           1|
    |ap_block_state11_pp0_stage1_iter0    |       and|   0|  0|   2|           1|           1|
    |ap_block_state3_io                   |       and|   0|  0|   2|           1|           1|
    |ap_block_state56_io                  |       and|   0|  0|   2|           1|           1|
    |ap_enable_state10_pp0_iter0_stage0   |       and|   0|  0|   2|           1|           1|
    |ap_enable_state11_pp0_iter0_stage1   |       and|   0|  0|   2|           1|           1|
    |ap_enable_state44_pp0_iter1_stage10  |       and|   0|  0|   2|           1|           1|
    |icmp_ln25_fu_589_p2                  |      icmp|   0|  0|  11|           8|           9|
    |icmp_ln26_fu_607_p2                  |      icmp|   0|  0|  10|           6|           5|
    |icmp_ln27_fu_653_p2                  |      icmp|   0|  0|   9|           3|           4|
    |icmp_ln29_fu_749_p2                  |      icmp|   0|  0|   9|           5|           4|
    |icmp_ln30_fu_755_p2                  |      icmp|   0|  0|   8|           3|           3|
    |icmp_ln40_fu_1100_p2                 |      icmp|   0|  0|   9|           4|           5|
    |ap_block_pp0                         |        or|   0|  0|   2|           1|           1|
    |ap_block_state18_pp0_stage8_iter0    |        or|   0|  0|   2|           1|           1|
    |empty_63_fu_727_p2                   |        or|   0|  0|   7|           7|           7|
    |or_ln26_fu_671_p2                    |        or|   0|  0|   2|           1|           1|
    |select_ln25_1_fu_627_p3              |    select|   0|  0|   4|           1|           4|
    |select_ln25_2_fu_639_p3              |    select|   0|  0|   7|           1|           1|
    |select_ln25_fu_613_p3                |    select|   0|  0|   3|           1|           1|
    |select_ln26_1_fu_697_p3              |    select|   0|  0|   7|           1|           7|
    |select_ln26_2_fu_705_p3              |    select|   0|  0|   3|           1|           3|
    |select_ln26_3_fu_1127_p3             |    select|   0|  0|   6|           1|           1|
    |select_ln26_fu_677_p3                |    select|   0|  0|   3|           1|           1|
    |select_ln29_1_fu_775_p3              |    select|   0|  0|   3|           1|           3|
    |select_ln29_fu_761_p3                |    select|   0|  0|   3|           1|           1|
    |ap_enable_pp0                        |       xor|   0|  0|   2|           1|           2|
    |ap_enable_pp1                        |       xor|   0|  0|   2|           1|           2|
    |ap_enable_reg_pp1_iter1              |       xor|   0|  0|   2|           2|           1|
    |xor_ln25_fu_647_p2                   |       xor|   0|  0|   2|           1|           2|
    +-------------------------------------+----------+----+---+----+------------+------------+
    |Total                                |          |   0|  0| 424|         256|         242|
    +-------------------------------------+----------+----+---+----+------------+------------+

    * Multiplexer: 
    +-----------------------------------------+-----+-----------+-----+-----------+
    |                   Name                  | LUT | Input Size| Bits| Total Bits|
    +-----------------------------------------+-----+-----------+-----+-----------+
    |ap_NS_fsm                                |  185|         42|    1|         42|
    |ap_enable_reg_pp0_iter1                  |    9|          2|    1|          2|
    |ap_enable_reg_pp1_iter1                  |    9|          2|    1|          2|
    |ap_enable_reg_pp1_iter2                  |    9|          2|    1|          2|
    |ap_phi_mux_indvar_flatten_phi_fu_408_p4  |    9|          2|    5|         10|
    |ap_phi_mux_k1_phi_fu_419_p4              |    9|          2|    3|          6|
    |ap_phi_mux_k2_phi_fu_430_p4              |    9|          2|    3|          6|
    |gmem0_blk_n_AR                           |    9|          2|    1|          2|
    |gmem0_blk_n_R                            |    9|          2|    1|          2|
    |gmem1_blk_n_AR                           |    9|          2|    1|          2|
    |gmem1_blk_n_R                            |    9|          2|    1|          2|
    |gmem3_blk_n_AW                           |    9|          2|    1|          2|
    |gmem3_blk_n_B                            |    9|          2|    1|          2|
    |gmem3_blk_n_W                            |    9|          2|    1|          2|
    |grp_fu_448_p0                            |   81|         17|   32|        544|
    |grp_fu_448_p1                            |   54|         10|   32|        320|
    |grp_fu_452_p0                            |   37|          7|   32|        224|
    |grp_fu_452_p1                            |  123|         25|   32|        800|
    |i_reg_359                                |    9|          2|    4|          8|
    |indvar_flatten10_reg_370                 |    9|          2|    6|         12|
    |indvar_flatten42_reg_348                 |    9|          2|    8|         16|
    |indvar_flatten_reg_404                   |    9|          2|    5|         10|
    |j_reg_382                                |    9|          2|    3|          6|
    |k1_reg_415                               |    9|          2|    3|          6|
    |k2_reg_426                               |    9|          2|    3|          6|
    |p_reg_393                                |    9|          2|    3|          6|
    |q_reg_437                                |    9|          2|    4|          8|
    |val_address0                             |   54|         10|    3|         30|
    +-----------------------------------------+-----+-----------+-----+-----------+
    |Total                                    |  732|        155|  192|       2080|
    +-----------------------------------------+-----+-----------+-----+-----------+

    * Register: 
    +----------------------------------+----+----+-----+-----------+
    |               Name               | FF | LUT| Bits| Const Bits|
    +----------------------------------+----+----+-----+-----------+
    |add_ln25_reg_1232                 |   8|   0|    8|          0|
    |add_ln27_reg_1523                 |   3|   0|    3|          0|
    |add_ln29_1_reg_1278               |   5|   0|    5|          0|
    |add_ln30_reg_1428                 |   3|   0|    3|          0|
    |ap_CS_fsm                         |  41|   0|   41|          0|
    |ap_enable_reg_pp0_iter0           |   1|   0|    1|          0|
    |ap_enable_reg_pp0_iter1           |   1|   0|    1|          0|
    |ap_enable_reg_pp1_iter0           |   1|   0|    1|          0|
    |ap_enable_reg_pp1_iter1           |   1|   0|    1|          0|
    |ap_enable_reg_pp1_iter2           |   1|   0|    1|          0|
    |bitcast_ln32_1_reg_1373           |  32|   0|   32|          0|
    |bitcast_ln32_2_reg_1438           |  32|   0|   32|          0|
    |bitcast_ln32_reg_1303             |  32|   0|   32|          0|
    |empty_63_reg_1267                 |   4|   0|    7|          3|
    |gmem0_addr_read_2_reg_1318        |  32|   0|   32|          0|
    |gmem0_addr_reg_1297               |  64|   0|   64|          0|
    |gmem1_addr_reg_1186               |  64|   0|   64|          0|
    |gmem3_addr_reg_1503               |  64|   0|   64|          0|
    |i_reg_359                         |   4|   0|    4|          0|
    |icmp_ln25_reg_1237                |   1|   0|    1|          0|
    |icmp_ln26_reg_1241                |   1|   0|    1|          0|
    |icmp_ln29_reg_1283                |   1|   0|    1|          0|
    |icmp_ln29_reg_1283_pp0_iter1_reg  |   1|   0|    1|          0|
    |icmp_ln40_reg_1514                |   1|   0|    1|          0|
    |icmp_ln40_reg_1514_pp1_iter1_reg  |   1|   0|    1|          0|
    |indvar_flatten10_reg_370          |   6|   0|    6|          0|
    |indvar_flatten42_reg_348          |   8|   0|    8|          0|
    |indvar_flatten_reg_404            |   5|   0|    5|          0|
    |input_read_reg_1181               |  64|   0|   64|          0|
    |j_reg_382                         |   3|   0|    3|          0|
    |k1_reg_415                        |   3|   0|    3|          0|
    |k2_reg_426                        |   3|   0|    3|          0|
    |mul27_i_2_4_reg_1478              |  32|   0|   32|          0|
    |mul27_i_2_5_reg_1488              |  32|   0|   32|          0|
    |mul27_i_2_6_reg_1493              |  32|   0|   32|          0|
    |mul27_i_2_7_reg_1498              |  32|   0|   32|          0|
    |output_read_reg_1176              |  64|   0|   64|          0|
    |p_reg_393                         |   3|   0|    3|          0|
    |q_reg_437                         |   4|   0|    4|          0|
    |reg_456                           |  32|   0|   32|          0|
    |reg_460                           |  32|   0|   32|          0|
    |reg_465                           |  32|   0|   32|          0|
    |reg_469                           |  32|   0|   32|          0|
    |reg_473                           |  32|   0|   32|          0|
    |reg_477                           |  32|   0|   32|          0|
    |reg_481                           |  32|   0|   32|          0|
    |reg_485                           |  32|   0|   32|          0|
    |reg_489                           |  32|   0|   32|          0|
    |reg_493                           |  32|   0|   32|          0|
    |reg_497                           |  32|   0|   32|          0|
    |reg_502                           |  32|   0|   32|          0|
    |reg_507                           |  32|   0|   32|          0|
    |reg_512                           |  32|   0|   32|          0|
    |reg_517                           |  32|   0|   32|          0|
    |reg_522                           |  32|   0|   32|          0|
    |reg_528                           |  32|   0|   32|          0|
    |reg_533                           |  32|   0|   32|          0|
    |reg_538                           |  32|   0|   32|          0|
    |reg_543                           |  32|   0|   32|          0|
    |reg_548                           |  32|   0|   32|          0|
    |reg_553                           |  32|   0|   32|          0|
    |reg_558                           |  32|   0|   32|          0|
    |select_ln25_1_reg_1246            |   4|   0|    4|          0|
    |select_ln26_2_reg_1262            |   3|   0|    3|          0|
    |select_ln26_3_reg_1528            |   6|   0|    6|          0|
    |select_ln26_reg_1257              |   3|   0|    3|          0|
    |select_ln29_1_reg_1292            |   3|   0|    3|          0|
    |select_ln29_reg_1287              |   3|   0|    3|          0|
    |trunc_ln25_reg_1251               |   3|   0|    3|          0|
    |val_load_1_0_15_fu_182            |  32|   0|   32|          0|
    |val_load_1_0_210_fu_186           |  32|   0|   32|          0|
    |val_load_1_0_315_fu_190           |  32|   0|   32|          0|
    |val_load_1_0_420_fu_194           |  32|   0|   32|          0|
    |val_load_1_0_525_fu_198           |  32|   0|   32|          0|
    |val_load_1_0_630_fu_202           |  32|   0|   32|          0|
    |val_load_1_0_735_fu_206           |  32|   0|   32|          0|
    |zext_ln29_reg_1273                |   7|   0|   11|          4|
    +----------------------------------+----+----+-----+-----------+
    |Total                             |1682|   0| 1689|          7|
    +----------------------------------+----+----+-----+-----------+



================================================================
== Interface
================================================================
* Summary: 
+-----------------------+-----+-----+------------+--------------+--------------+
|       RTL Ports       | Dir | Bits|  Protocol  | Source Object|    C Type    |
+-----------------------+-----+-----+------------+--------------+--------------+
|s_axi_control_AWVALID  |   in|    1|       s_axi|       control|        scalar|
|s_axi_control_AWREADY  |  out|    1|       s_axi|       control|        scalar|
|s_axi_control_AWADDR   |   in|    6|       s_axi|       control|        scalar|
|s_axi_control_WVALID   |   in|    1|       s_axi|       control|        scalar|
|s_axi_control_WREADY   |  out|    1|       s_axi|       control|        scalar|
|s_axi_control_WDATA    |   in|   32|       s_axi|       control|        scalar|
|s_axi_control_WSTRB    |   in|    4|       s_axi|       control|        scalar|
|s_axi_control_ARVALID  |   in|    1|       s_axi|       control|        scalar|
|s_axi_control_ARREADY  |  out|    1|       s_axi|       control|        scalar|
|s_axi_control_ARADDR   |   in|    6|       s_axi|       control|        scalar|
|s_axi_control_RVALID   |  out|    1|       s_axi|       control|        scalar|
|s_axi_control_RREADY   |   in|    1|       s_axi|       control|        scalar|
|s_axi_control_RDATA    |  out|   32|       s_axi|       control|        scalar|
|s_axi_control_RRESP    |  out|    2|       s_axi|       control|        scalar|
|s_axi_control_BVALID   |  out|    1|       s_axi|       control|        scalar|
|s_axi_control_BREADY   |   in|    1|       s_axi|       control|        scalar|
|s_axi_control_BRESP    |  out|    2|       s_axi|       control|        scalar|
|ap_clk                 |   in|    1|  ap_ctrl_hs|      Example1|  return value|
|ap_rst_n               |   in|    1|  ap_ctrl_hs|      Example1|  return value|
|interrupt              |  out|    1|  ap_ctrl_hs|      Example1|  return value|
|m_axi_gmem0_AWVALID    |  out|    1|       m_axi|         gmem0|       pointer|
|m_axi_gmem0_AWREADY    |   in|    1|       m_axi|         gmem0|       pointer|
|m_axi_gmem0_AWADDR     |  out|   64|       m_axi|         gmem0|       pointer|
|m_axi_gmem0_AWID       |  out|    1|       m_axi|         gmem0|       pointer|
|m_axi_gmem0_AWLEN      |  out|    8|       m_axi|         gmem0|       pointer|
|m_axi_gmem0_AWSIZE     |  out|    3|       m_axi|         gmem0|       pointer|
|m_axi_gmem0_AWBURST    |  out|    2|       m_axi|         gmem0|       pointer|
|m_axi_gmem0_AWLOCK     |  out|    2|       m_axi|         gmem0|       pointer|
|m_axi_gmem0_AWCACHE    |  out|    4|       m_axi|         gmem0|       pointer|
|m_axi_gmem0_AWPROT     |  out|    3|       m_axi|         gmem0|       pointer|
|m_axi_gmem0_AWQOS      |  out|    4|       m_axi|         gmem0|       pointer|
|m_axi_gmem0_AWREGION   |  out|    4|       m_axi|         gmem0|       pointer|
|m_axi_gmem0_AWUSER     |  out|    1|       m_axi|         gmem0|       pointer|
|m_axi_gmem0_WVALID     |  out|    1|       m_axi|         gmem0|       pointer|
|m_axi_gmem0_WREADY     |   in|    1|       m_axi|         gmem0|       pointer|
|m_axi_gmem0_WDATA      |  out|   32|       m_axi|         gmem0|       pointer|
|m_axi_gmem0_WSTRB      |  out|    4|       m_axi|         gmem0|       pointer|
|m_axi_gmem0_WLAST      |  out|    1|       m_axi|         gmem0|       pointer|
|m_axi_gmem0_WID        |  out|    1|       m_axi|         gmem0|       pointer|
|m_axi_gmem0_WUSER      |  out|    1|       m_axi|         gmem0|       pointer|
|m_axi_gmem0_ARVALID    |  out|    1|       m_axi|         gmem0|       pointer|
|m_axi_gmem0_ARREADY    |   in|    1|       m_axi|         gmem0|       pointer|
|m_axi_gmem0_ARADDR     |  out|   64|       m_axi|         gmem0|       pointer|
|m_axi_gmem0_ARID       |  out|    1|       m_axi|         gmem0|       pointer|
|m_axi_gmem0_ARLEN      |  out|    8|       m_axi|         gmem0|       pointer|
|m_axi_gmem0_ARSIZE     |  out|    3|       m_axi|         gmem0|       pointer|
|m_axi_gmem0_ARBURST    |  out|    2|       m_axi|         gmem0|       pointer|
|m_axi_gmem0_ARLOCK     |  out|    2|       m_axi|         gmem0|       pointer|
|m_axi_gmem0_ARCACHE    |  out|    4|       m_axi|         gmem0|       pointer|
|m_axi_gmem0_ARPROT     |  out|    3|       m_axi|         gmem0|       pointer|
|m_axi_gmem0_ARQOS      |  out|    4|       m_axi|         gmem0|       pointer|
|m_axi_gmem0_ARREGION   |  out|    4|       m_axi|         gmem0|       pointer|
|m_axi_gmem0_ARUSER     |  out|    1|       m_axi|         gmem0|       pointer|
|m_axi_gmem0_RVALID     |   in|    1|       m_axi|         gmem0|       pointer|
|m_axi_gmem0_RREADY     |  out|    1|       m_axi|         gmem0|       pointer|
|m_axi_gmem0_RDATA      |   in|   32|       m_axi|         gmem0|       pointer|
|m_axi_gmem0_RLAST      |   in|    1|       m_axi|         gmem0|       pointer|
|m_axi_gmem0_RID        |   in|    1|       m_axi|         gmem0|       pointer|
|m_axi_gmem0_RUSER      |   in|    1|       m_axi|         gmem0|       pointer|
|m_axi_gmem0_RRESP      |   in|    2|       m_axi|         gmem0|       pointer|
|m_axi_gmem0_BVALID     |   in|    1|       m_axi|         gmem0|       pointer|
|m_axi_gmem0_BREADY     |  out|    1|       m_axi|         gmem0|       pointer|
|m_axi_gmem0_BRESP      |   in|    2|       m_axi|         gmem0|       pointer|
|m_axi_gmem0_BID        |   in|    1|       m_axi|         gmem0|       pointer|
|m_axi_gmem0_BUSER      |   in|    1|       m_axi|         gmem0|       pointer|
|m_axi_gmem1_AWVALID    |  out|    1|       m_axi|         gmem1|       pointer|
|m_axi_gmem1_AWREADY    |   in|    1|       m_axi|         gmem1|       pointer|
|m_axi_gmem1_AWADDR     |  out|   64|       m_axi|         gmem1|       pointer|
|m_axi_gmem1_AWID       |  out|    1|       m_axi|         gmem1|       pointer|
|m_axi_gmem1_AWLEN      |  out|    8|       m_axi|         gmem1|       pointer|
|m_axi_gmem1_AWSIZE     |  out|    3|       m_axi|         gmem1|       pointer|
|m_axi_gmem1_AWBURST    |  out|    2|       m_axi|         gmem1|       pointer|
|m_axi_gmem1_AWLOCK     |  out|    2|       m_axi|         gmem1|       pointer|
|m_axi_gmem1_AWCACHE    |  out|    4|       m_axi|         gmem1|       pointer|
|m_axi_gmem1_AWPROT     |  out|    3|       m_axi|         gmem1|       pointer|
|m_axi_gmem1_AWQOS      |  out|    4|       m_axi|         gmem1|       pointer|
|m_axi_gmem1_AWREGION   |  out|    4|       m_axi|         gmem1|       pointer|
|m_axi_gmem1_AWUSER     |  out|    1|       m_axi|         gmem1|       pointer|
|m_axi_gmem1_WVALID     |  out|    1|       m_axi|         gmem1|       pointer|
|m_axi_gmem1_WREADY     |   in|    1|       m_axi|         gmem1|       pointer|
|m_axi_gmem1_WDATA      |  out|   32|       m_axi|         gmem1|       pointer|
|m_axi_gmem1_WSTRB      |  out|    4|       m_axi|         gmem1|       pointer|
|m_axi_gmem1_WLAST      |  out|    1|       m_axi|         gmem1|       pointer|
|m_axi_gmem1_WID        |  out|    1|       m_axi|         gmem1|       pointer|
|m_axi_gmem1_WUSER      |  out|    1|       m_axi|         gmem1|       pointer|
|m_axi_gmem1_ARVALID    |  out|    1|       m_axi|         gmem1|       pointer|
|m_axi_gmem1_ARREADY    |   in|    1|       m_axi|         gmem1|       pointer|
|m_axi_gmem1_ARADDR     |  out|   64|       m_axi|         gmem1|       pointer|
|m_axi_gmem1_ARID       |  out|    1|       m_axi|         gmem1|       pointer|
|m_axi_gmem1_ARLEN      |  out|    8|       m_axi|         gmem1|       pointer|
|m_axi_gmem1_ARSIZE     |  out|    3|       m_axi|         gmem1|       pointer|
|m_axi_gmem1_ARBURST    |  out|    2|       m_axi|         gmem1|       pointer|
|m_axi_gmem1_ARLOCK     |  out|    2|       m_axi|         gmem1|       pointer|
|m_axi_gmem1_ARCACHE    |  out|    4|       m_axi|         gmem1|       pointer|
|m_axi_gmem1_ARPROT     |  out|    3|       m_axi|         gmem1|       pointer|
|m_axi_gmem1_ARQOS      |  out|    4|       m_axi|         gmem1|       pointer|
|m_axi_gmem1_ARREGION   |  out|    4|       m_axi|         gmem1|       pointer|
|m_axi_gmem1_ARUSER     |  out|    1|       m_axi|         gmem1|       pointer|
|m_axi_gmem1_RVALID     |   in|    1|       m_axi|         gmem1|       pointer|
|m_axi_gmem1_RREADY     |  out|    1|       m_axi|         gmem1|       pointer|
|m_axi_gmem1_RDATA      |   in|   32|       m_axi|         gmem1|       pointer|
|m_axi_gmem1_RLAST      |   in|    1|       m_axi|         gmem1|       pointer|
|m_axi_gmem1_RID        |   in|    1|       m_axi|         gmem1|       pointer|
|m_axi_gmem1_RUSER      |   in|    1|       m_axi|         gmem1|       pointer|
|m_axi_gmem1_RRESP      |   in|    2|       m_axi|         gmem1|       pointer|
|m_axi_gmem1_BVALID     |   in|    1|       m_axi|         gmem1|       pointer|
|m_axi_gmem1_BREADY     |  out|    1|       m_axi|         gmem1|       pointer|
|m_axi_gmem1_BRESP      |   in|    2|       m_axi|         gmem1|       pointer|
|m_axi_gmem1_BID        |   in|    1|       m_axi|         gmem1|       pointer|
|m_axi_gmem1_BUSER      |   in|    1|       m_axi|         gmem1|       pointer|
|m_axi_gmem2_AWVALID    |  out|    1|       m_axi|         gmem2|       pointer|
|m_axi_gmem2_AWREADY    |   in|    1|       m_axi|         gmem2|       pointer|
|m_axi_gmem2_AWADDR     |  out|   64|       m_axi|         gmem2|       pointer|
|m_axi_gmem2_AWID       |  out|    1|       m_axi|         gmem2|       pointer|
|m_axi_gmem2_AWLEN      |  out|    8|       m_axi|         gmem2|       pointer|
|m_axi_gmem2_AWSIZE     |  out|    3|       m_axi|         gmem2|       pointer|
|m_axi_gmem2_AWBURST    |  out|    2|       m_axi|         gmem2|       pointer|
|m_axi_gmem2_AWLOCK     |  out|    2|       m_axi|         gmem2|       pointer|
|m_axi_gmem2_AWCACHE    |  out|    4|       m_axi|         gmem2|       pointer|
|m_axi_gmem2_AWPROT     |  out|    3|       m_axi|         gmem2|       pointer|
|m_axi_gmem2_AWQOS      |  out|    4|       m_axi|         gmem2|       pointer|
|m_axi_gmem2_AWREGION   |  out|    4|       m_axi|         gmem2|       pointer|
|m_axi_gmem2_AWUSER     |  out|    1|       m_axi|         gmem2|       pointer|
|m_axi_gmem2_WVALID     |  out|    1|       m_axi|         gmem2|       pointer|
|m_axi_gmem2_WREADY     |   in|    1|       m_axi|         gmem2|       pointer|
|m_axi_gmem2_WDATA      |  out|   32|       m_axi|         gmem2|       pointer|
|m_axi_gmem2_WSTRB      |  out|    4|       m_axi|         gmem2|       pointer|
|m_axi_gmem2_WLAST      |  out|    1|       m_axi|         gmem2|       pointer|
|m_axi_gmem2_WID        |  out|    1|       m_axi|         gmem2|       pointer|
|m_axi_gmem2_WUSER      |  out|    1|       m_axi|         gmem2|       pointer|
|m_axi_gmem2_ARVALID    |  out|    1|       m_axi|         gmem2|       pointer|
|m_axi_gmem2_ARREADY    |   in|    1|       m_axi|         gmem2|       pointer|
|m_axi_gmem2_ARADDR     |  out|   64|       m_axi|         gmem2|       pointer|
|m_axi_gmem2_ARID       |  out|    1|       m_axi|         gmem2|       pointer|
|m_axi_gmem2_ARLEN      |  out|    8|       m_axi|         gmem2|       pointer|
|m_axi_gmem2_ARSIZE     |  out|    3|       m_axi|         gmem2|       pointer|
|m_axi_gmem2_ARBURST    |  out|    2|       m_axi|         gmem2|       pointer|
|m_axi_gmem2_ARLOCK     |  out|    2|       m_axi|         gmem2|       pointer|
|m_axi_gmem2_ARCACHE    |  out|    4|       m_axi|         gmem2|       pointer|
|m_axi_gmem2_ARPROT     |  out|    3|       m_axi|         gmem2|       pointer|
|m_axi_gmem2_ARQOS      |  out|    4|       m_axi|         gmem2|       pointer|
|m_axi_gmem2_ARREGION   |  out|    4|       m_axi|         gmem2|       pointer|
|m_axi_gmem2_ARUSER     |  out|    1|       m_axi|         gmem2|       pointer|
|m_axi_gmem2_RVALID     |   in|    1|       m_axi|         gmem2|       pointer|
|m_axi_gmem2_RREADY     |  out|    1|       m_axi|         gmem2|       pointer|
|m_axi_gmem2_RDATA      |   in|   32|       m_axi|         gmem2|       pointer|
|m_axi_gmem2_RLAST      |   in|    1|       m_axi|         gmem2|       pointer|
|m_axi_gmem2_RID        |   in|    1|       m_axi|         gmem2|       pointer|
|m_axi_gmem2_RUSER      |   in|    1|       m_axi|         gmem2|       pointer|
|m_axi_gmem2_RRESP      |   in|    2|       m_axi|         gmem2|       pointer|
|m_axi_gmem2_BVALID     |   in|    1|       m_axi|         gmem2|       pointer|
|m_axi_gmem2_BREADY     |  out|    1|       m_axi|         gmem2|       pointer|
|m_axi_gmem2_BRESP      |   in|    2|       m_axi|         gmem2|       pointer|
|m_axi_gmem2_BID        |   in|    1|       m_axi|         gmem2|       pointer|
|m_axi_gmem2_BUSER      |   in|    1|       m_axi|         gmem2|       pointer|
|m_axi_gmem3_AWVALID    |  out|    1|       m_axi|         gmem3|       pointer|
|m_axi_gmem3_AWREADY    |   in|    1|       m_axi|         gmem3|       pointer|
|m_axi_gmem3_AWADDR     |  out|   64|       m_axi|         gmem3|       pointer|
|m_axi_gmem3_AWID       |  out|    1|       m_axi|         gmem3|       pointer|
|m_axi_gmem3_AWLEN      |  out|    8|       m_axi|         gmem3|       pointer|
|m_axi_gmem3_AWSIZE     |  out|    3|       m_axi|         gmem3|       pointer|
|m_axi_gmem3_AWBURST    |  out|    2|       m_axi|         gmem3|       pointer|
|m_axi_gmem3_AWLOCK     |  out|    2|       m_axi|         gmem3|       pointer|
|m_axi_gmem3_AWCACHE    |  out|    4|       m_axi|         gmem3|       pointer|
|m_axi_gmem3_AWPROT     |  out|    3|       m_axi|         gmem3|       pointer|
|m_axi_gmem3_AWQOS      |  out|    4|       m_axi|         gmem3|       pointer|
|m_axi_gmem3_AWREGION   |  out|    4|       m_axi|         gmem3|       pointer|
|m_axi_gmem3_AWUSER     |  out|    1|       m_axi|         gmem3|       pointer|
|m_axi_gmem3_WVALID     |  out|    1|       m_axi|         gmem3|       pointer|
|m_axi_gmem3_WREADY     |   in|    1|       m_axi|         gmem3|       pointer|
|m_axi_gmem3_WDATA      |  out|   32|       m_axi|         gmem3|       pointer|
|m_axi_gmem3_WSTRB      |  out|    4|       m_axi|         gmem3|       pointer|
|m_axi_gmem3_WLAST      |  out|    1|       m_axi|         gmem3|       pointer|
|m_axi_gmem3_WID        |  out|    1|       m_axi|         gmem3|       pointer|
|m_axi_gmem3_WUSER      |  out|    1|       m_axi|         gmem3|       pointer|
|m_axi_gmem3_ARVALID    |  out|    1|       m_axi|         gmem3|       pointer|
|m_axi_gmem3_ARREADY    |   in|    1|       m_axi|         gmem3|       pointer|
|m_axi_gmem3_ARADDR     |  out|   64|       m_axi|         gmem3|       pointer|
|m_axi_gmem3_ARID       |  out|    1|       m_axi|         gmem3|       pointer|
|m_axi_gmem3_ARLEN      |  out|    8|       m_axi|         gmem3|       pointer|
|m_axi_gmem3_ARSIZE     |  out|    3|       m_axi|         gmem3|       pointer|
|m_axi_gmem3_ARBURST    |  out|    2|       m_axi|         gmem3|       pointer|
|m_axi_gmem3_ARLOCK     |  out|    2|       m_axi|         gmem3|       pointer|
|m_axi_gmem3_ARCACHE    |  out|    4|       m_axi|         gmem3|       pointer|
|m_axi_gmem3_ARPROT     |  out|    3|       m_axi|         gmem3|       pointer|
|m_axi_gmem3_ARQOS      |  out|    4|       m_axi|         gmem3|       pointer|
|m_axi_gmem3_ARREGION   |  out|    4|       m_axi|         gmem3|       pointer|
|m_axi_gmem3_ARUSER     |  out|    1|       m_axi|         gmem3|       pointer|
|m_axi_gmem3_RVALID     |   in|    1|       m_axi|         gmem3|       pointer|
|m_axi_gmem3_RREADY     |  out|    1|       m_axi|         gmem3|       pointer|
|m_axi_gmem3_RDATA      |   in|   32|       m_axi|         gmem3|       pointer|
|m_axi_gmem3_RLAST      |   in|    1|       m_axi|         gmem3|       pointer|
|m_axi_gmem3_RID        |   in|    1|       m_axi|         gmem3|       pointer|
|m_axi_gmem3_RUSER      |   in|    1|       m_axi|         gmem3|       pointer|
|m_axi_gmem3_RRESP      |   in|    2|       m_axi|         gmem3|       pointer|
|m_axi_gmem3_BVALID     |   in|    1|       m_axi|         gmem3|       pointer|
|m_axi_gmem3_BREADY     |  out|    1|       m_axi|         gmem3|       pointer|
|m_axi_gmem3_BRESP      |   in|    2|       m_axi|         gmem3|       pointer|
|m_axi_gmem3_BID        |   in|    1|       m_axi|         gmem3|       pointer|
|m_axi_gmem3_BUSER      |   in|    1|       m_axi|         gmem3|       pointer|
+-----------------------+-----+-----+------------+--------------+--------------+

